0 info it worked if it ends with ok
1 verbose cli [
1 verbose cli   'C:\\Program Files\\nodejs\\node.exe',
1 verbose cli   'C:\\Users\\Forta Plano de Saúde\\AppData\\Roaming\\npm\\node_modules\\npm\\bin\\npm-cli.js',
1 verbose cli   'run',
1 verbose cli   'dev'
1 verbose cli ]
2 info using npm@6.14.10
3 info using node@v16.13.1
4 verbose run-script [ 'predev', 'dev', 'postdev' ]
5 info lifecycle hburguer@1.0.0~predev: hburguer@1.0.0
6 info lifecycle hburguer@1.0.0~dev: hburguer@1.0.0
7 verbose lifecycle hburguer@1.0.0~dev: unsafe-perm in lifecycle true
8 verbose lifecycle hburguer@1.0.0~dev: PATH: C:\Users\Forta Plano de Saúde\AppData\Roaming\npm\node_modules\npm\node_modules\npm-lifecycle\node-gyp-bin;C:\hcode-lab-js-red\node_modules\.bin;C:\Program Files\Git\mingw64\bin;C:\Program Files\Git\usr\bin;C:\Users\Forta Plano de Saúde\bin;C:\Python310\Scripts;C:\Python310;C:\Python39\Scripts;C:\Python39;C:\Windows\system32;C:\Windows;C:\Windows\System32\Wbem;C:\Windows\System32\WindowsPowerShell\v1.0;C:\Windows\System32\OpenSSH;C:\ProgramData\chocolatey\bin;C:\sqlite3;C:\Program Files\Git\cmd;C:\Program Files\nodejs;C:\Program Files\MySQL\MySQL Shell 8.0\bin;C:\Users\Forta Plano de Saúde\AppData\Local\Microsoft\WindowsApps;C:\Users\Forta Plano de Saúde\AppData\Local\Programs\Microsoft VS Code\bin;C:\Users\Forta Plano de Saúde\AppData\Roaming\npm
9 verbose lifecycle hburguer@1.0.0~dev: CWD: C:\hcode-lab-js-red
10 silly lifecycle hburguer@1.0.0~dev: Args: [ '/d /s /c', 'webpack serve --config webpack.dev.js' ]
11 silly lifecycle hburguer@1.0.0~dev: Returned: code: 1  signal: null
12 info lifecycle hburguer@1.0.0~dev: Failed to exec dev script
13 verbose stack Error: hburguer@1.0.0 dev: `webpack serve --config webpack.dev.js`
13 verbose stack Exit status 1
13 verbose stack     at EventEmitter.<anonymous> (C:\Users\Forta Plano de Saúde\AppData\Roaming\npm\node_modules\npm\node_modules\npm-lifecycle\index.js:332:16)
13 verbose stack     at EventEmitter.emit (node:events:390:28)
13 verbose stack     at ChildProcess.<anonymous> (C:\Users\Forta Plano de Saúde\AppData\Roaming\npm\node_modules\npm\node_modules\npm-lifecycle\lib\spawn.js:55:14)
13 verbose stack     at ChildProcess.emit (node:events:390:28)
13 verbose stack     at maybeClose (node:internal/child_process:1064:16)
13 verbose stack     at Process.ChildProcess._handle.onexit (node:internal/child_process:301:5)
14 verbose pkgid hburguer@1.0.0
15 verbose cwd C:\hcode-lab-js-red
16 verbose Windows_NT 10.0.19041
17 verbose argv "C:\\Program Files\\nodejs\\node.exe" "C:\\Users\\Forta Plano de Saúde\\AppData\\Roaming\\npm\\node_modules\\npm\\bin\\npm-cli.js" "run" "dev"
18 verbose node v16.13.1
19 verbose npm  v6.14.10
20 error code ELIFECYCLE
21 error errno 1
22 error hburguer@1.0.0 dev: `webpack serve --config webpack.dev.js`
22 error Exit status 1
23 error Failed at the hburguer@1.0.0 dev script.
23 error This is probably not a problem with npm. There is likely additional logging output above.
24 verbose exit [ 1, true ]
